2025-03-09 09:25:07 info: Мониторинг изменений запущен
2025-03-09 09:25:07 info: CommandHandlers инициализирован с ботом
2025-03-09 09:25:07 info: Бот успешно инициализирован и запущен
2025-03-09 09:25:25 info: Google Sheets сервис инициализирован
2025-03-09 09:27:47 info: Получен сигнал остановки, завершаю работу...
2025-03-09 09:27:49 info: Мониторинг изменений запущен
2025-03-09 09:27:49 info: CommandHandlers инициализирован с ботом
2025-03-09 09:27:49 info: Бот успешно инициализирован и запущен
2025-03-09 09:27:57 info: Google Sheets сервис инициализирован
2025-03-09 09:29:01 info: Получен сигнал остановки, завершаю работу...
2025-03-09 09:29:03 info: Мониторинг изменений запущен
2025-03-09 09:29:03 info: CommandHandlers инициализирован с ботом
2025-03-09 09:29:03 info: Бот успешно инициализирован и запущен
2025-03-09 09:29:06 info: Google Sheets сервис инициализирован
2025-03-09 09:29:22 info: Получен сигнал остановки, завершаю работу...
2025-03-09 09:29:23 info: Мониторинг изменений запущен
2025-03-09 09:29:23 info: CommandHandlers инициализирован с ботом
2025-03-09 09:29:23 info: Бот успешно инициализирован и запущен
2025-03-09 09:29:27 info: Google Sheets сервис инициализирован
2025-03-09 09:29:43 info: Сохранено 1 подписчиков
2025-03-09 09:29:43 info: Пользователь 1651758345 подписался на обновления. Всего подписчиков: 1
2025-03-09 09:30:25 info: Обнаружено 1 изменений, уведомления отправлены
2025-03-09 09:32:24 info: Обнаружено 1 изменений, уведомления отправлены
2025-03-09 09:33:24 info: Обнаружено 1 изменений, уведомления отправлены
2025-03-09 09:34:24 info: Обнаружено 1 изменений, уведомления отправлены
2025-03-09 09:35:46 info: Получен сигнал остановки, завершаю работу...
2025-03-09 09:35:48 info: Загружено 1 подписчиков
2025-03-09 09:35:48 info: Google Sheets сервис инициализирован
2025-03-09 09:35:48 info: Мониторинг изменений запущен
2025-03-09 09:35:48 info: CommandHandlers инициализирован с ботом
2025-03-09 09:35:48 info: Бот успешно инициализирован и запущен
2025-03-09 09:36:37 info: Получен сигнал остановки, завершаю работу...
2025-03-09 09:36:39 info: Загружено 1 подписчиков
2025-03-09 09:36:39 info: Google Sheets сервис инициализирован
2025-03-09 09:36:39 info: Мониторинг изменений запущен
2025-03-09 09:36:39 info: CommandHandlers инициализирован с ботом
2025-03-09 09:36:39 info: Бот успешно инициализирован и запущен
2025-03-09 09:38:39 info: Обнаружено 1 изменений, уведомления отправлены
2025-03-09 09:39:40 info: Обнаружено 1 изменений, уведомления отправлены
2025-03-09 09:41:39 info: Обнаружено 1 изменений, уведомления отправлены
2025-03-09 09:42:17 info: Получен сигнал остановки, завершаю работу...
2025-03-09 09:42:19 info: Загружено 1 подписчиков
2025-03-09 09:42:19 info: Google Sheets сервис инициализирован
2025-03-09 09:42:19 info: Мониторинг изменений запущен
2025-03-09 09:42:19 info: CommandHandlers инициализирован с ботом
2025-03-09 09:42:19 info: Бот успешно инициализирован и запущен
2025-03-09 09:42:27 info: Обнаружено 1 изменений, уведомления отправлены
2025-03-09 09:42:32 info: Обнаружено 1 изменений, уведомления отправлены
2025-03-09 09:44:37 info: Обнаружено 1 изменений, уведомления отправлены
2025-03-09 09:44:45 info: Обнаружено 1 изменений, уведомления отправлены
2025-03-09 09:45:36 info: Получен сигнал остановки, завершаю работу...
2025-03-09 09:45:37 info: Загружено 1 подписчиков
2025-03-09 09:45:37 info: Google Sheets сервис инициализирован
2025-03-09 09:45:37 info: Мониторинг изменений запущен
2025-03-09 09:45:37 info: CommandHandlers инициализирован с ботом
2025-03-09 09:45:37 info: Бот успешно инициализирован и запущен
2025-03-09 09:45:45 info: Обнаружено 1 изменений, уведомления отправлены
2025-03-09 09:45:53 info: Обнаружено 1 изменений, уведомления отправлены
2025-03-09 09:46:35 info: Обнаружено 1 изменений, уведомления отправлены
2025-03-09 09:46:41 info: Обнаружено 1 изменений, уведомления отправлены
2025-03-09 09:47:14 info: Обнаружено 1 изменений, уведомления отправлены
2025-03-09 09:47:20 info: Обнаружено 1 изменений, уведомления отправлены
2025-03-09 09:47:26 info: Обнаружено 2 изменений, уведомления отправлены
2025-03-09 09:52:20 info: Обнаружено 1 изменений, уведомления отправлены
2025-03-09 09:52:26 info: Обнаружено 1 изменений, уведомления отправлены
2025-03-09 09:52:32 info: Обнаружено 1 изменений, уведомления отправлены
2025-03-09 09:52:35 info: Обнаружено 1 изменений, уведомления отправлены
2025-03-09 09:56:17 info: Обнаружено 1 изменений, уведомления отправлены
2025-03-09 09:56:23 info: Обнаружено 1 изменений, уведомления отправлены
2025-03-09 09:56:32 info: Обнаружено 1 изменений, уведомления отправлены
2025-03-09 09:56:38 info: Обнаружено 1 изменений, уведомления отправлены
2025-03-09 09:56:41 info: Обнаружено 1 изменений, уведомления отправлены
2025-03-09 10:00:44 info: Обнаружено 1 изменений, уведомления отправлены
2025-03-09 10:00:54 info: Обнаружено 1 изменений, уведомления отправлены
2025-03-09 10:07:02 info: Обнаружено 1 изменений, уведомления отправлены
2025-03-09 10:07:05 info: Обнаружено 1 изменений, уведомления отправлены
2025-03-09 10:07:08 info: Обнаружено 1 изменений, уведомления отправлены
2025-03-09 10:07:11 info: Обнаружено 1 изменений, уведомления отправлены
2025-03-09 10:09:05 info: Обнаружено 1 изменений, уведомления отправлены
2025-03-09 10:09:19 info: Получен сигнал остановки, завершаю работу...
2025-03-09 10:09:21 info: Загружено 1 подписчиков
2025-03-09 10:09:21 info: Google Sheets сервис инициализирован
2025-03-09 10:09:21 info: Мониторинг изменений запущен
2025-03-09 10:09:21 info: CommandHandlers инициализирован с ботом
2025-03-09 10:09:21 info: Бот успешно инициализирован и запущен
2025-03-09 10:16:18 info: Получен сигнал остановки, завершаю работу...
2025-03-09 10:16:20 info: Загружено 1 подписчиков
2025-03-09 10:16:20 info: Google Sheets сервис инициализирован
2025-03-09 10:16:20 info: Мониторинг изменений запущен
2025-03-09 10:16:20 info: CommandHandlers инициализирован с ботом
2025-03-09 10:16:20 info: Бот успешно инициализирован и запущен
2025-03-09 10:19:50 info: Обнаружено 1 изменений, уведомления отправлены
2025-03-09 10:21:37 info: Сохранено 2 подписчиков
2025-03-09 10:21:37 info: Пользователь -1002271972174 подписался на обновления. Всего подписчиков: 2
2025-03-09 10:21:50 info: Обнаружено 1 изменений, уведомления отправлены
2025-03-09 10:22:21 info: Обнаружено 1 изменений, уведомления отправлены
2025-03-09 10:22:42 info: Сохранено 1 подписчиков
2025-03-09 10:22:42 info: Пользователь 1651758345 отписался от обновлений. Всего подписчиков: 1
2025-03-09 10:24:05 info: Обнаружено 1 изменений, уведомления отправлены
2025-03-09 10:24:20 info: Обнаружено 1 изменений, уведомления отправлены
2025-03-09 10:32:05 info: Обнаружено 1 изменений, уведомления отправлены
2025-03-09 10:32:20 info: Обнаружено 1 изменений, уведомления отправлены
2025-03-09 10:32:35 info: Обнаружено 1 изменений, уведомления отправлены
2025-03-09 10:32:50 info: Обнаружено 1 изменений, уведомления отправлены
2025-03-09 10:37:05 info: Обнаружено 1 изменений, уведомления отправлены
2025-03-09 10:37:20 info: Обнаружено 1 изменений, уведомления отправлены
2025-03-09 10:37:35 info: Обнаружено 1 изменений, уведомления отправлены
2025-03-09 10:37:50 info: Обнаружено 1 изменений, уведомления отправлены
2025-03-09 10:47:51 info: Обнаружено 1 изменений, уведомления отправлены
2025-03-09 10:48:36 info: Обнаружено 1 изменений, уведомления отправлены
2025-03-09 10:49:05 info: Обнаружено 1 изменений, уведомления отправлены
2025-03-09 10:49:20 info: Обнаружено 1 изменений, уведомления отправлены
2025-03-09 10:49:35 info: Обнаружено 1 изменений, уведомления отправлены
2025-03-09 10:49:50 info: Обнаружено 1 изменений, уведомления отправлены
2025-03-09 10:51:50 info: Обнаружено 1 изменений, уведомления отправлены
2025-03-09 10:52:20 info: Обнаружено 1 изменений, уведомления отправлены
2025-03-09 10:54:06 info: Обнаружено 1 изменений, уведомления отправлены
2025-03-09 10:54:22 info: Обнаружено 1 изменений, уведомления отправлены
2025-03-09 10:58:30 info: Получен сигнал остановки, завершаю работу...
2025-03-09 10:58:32 info: Загружено 1 подписчиков
2025-03-09 10:58:32 info: Google Sheets сервис инициализирован
2025-03-09 10:58:32 info: Мониторинг изменений запущен
2025-03-09 10:58:32 info: CommandHandlers инициализирован с ботом
2025-03-09 10:58:32 info: Бот успешно инициализирован и запущен
2025-03-09 10:59:41 info: Получен сигнал остановки, завершаю работу...
2025-03-09 10:59:42 info: Загружено 1 подписчиков
2025-03-09 10:59:42 info: Google Sheets сервис инициализирован
2025-03-09 10:59:42 info: Мониторинг изменений запущен
2025-03-09 10:59:42 info: CommandHandlers инициализирован с ботом
2025-03-09 10:59:42 info: Бот успешно инициализирован и запущен
2025-03-09 11:00:53 error: Ошибка при обновлении количества палок: The caller does not have permission
2025-03-09 11:00:53 error: Ошибка при обновлении палок: The caller does not have permission
2025-03-09 11:01:36 info: Получен сигнал остановки, завершаю работу...
2025-03-09 11:01:38 info: Загружено 1 подписчиков
2025-03-09 11:01:38 info: Google Sheets сервис инициализирован
2025-03-09 11:01:38 info: Мониторинг изменений запущен
2025-03-09 11:01:38 info: CommandHandlers инициализирован с ботом
2025-03-09 11:01:38 info: Бот успешно инициализирован и запущен
2025-03-09 11:01:47 error: Ошибка при обновлении количества палок: The caller does not have permission
2025-03-09 11:01:47 error: Ошибка при обновлении палок: The caller does not have permission
2025-03-09 11:07:17 error: Ошибка при обновлении количества палок: The caller does not have permission
2025-03-09 11:07:17 error: Ошибка при обновлении палок: The caller does not have permission
2025-03-09 11:16:08 error: Ошибка при обновлении количества палок: The caller does not have permission
2025-03-09 11:16:08 error: Ошибка при обновлении палок: The caller does not have permission
2025-03-09 11:31:51 info: Обновлено количество палок для Вячеслав: 65
2025-03-09 11:31:51 error: Ошибка в получении статистики: bot.sendMessage is not a function
2025-03-09 11:31:51 error: Ошибка при обновлении палок: ETELEGRAM: 400 Bad Request: chat_id is empty
2025-03-09 11:31:53 info: Обнаружено 1 изменений, уведомления отправлены
2025-03-09 11:32:13 info: Обновлено количество палок для Вячеслав: 0
2025-03-09 11:32:13 error: Ошибка в получении статистики: bot.sendMessage is not a function
2025-03-09 11:32:13 error: Ошибка при обновлении палок: ETELEGRAM: 400 Bad Request: chat_id is empty
2025-03-09 11:32:23 info: Обнаружено 1 изменений, уведомления отправлены
2025-03-09 11:32:45 info: Обновлено количество палок для Вячеслав: 3
2025-03-09 11:32:46 error: Ошибка в получении статистики: bot.sendMessage is not a function
2025-03-09 11:32:46 error: Ошибка при обновлении палок: ETELEGRAM: 400 Bad Request: chat_id is empty
2025-03-09 11:32:53 info: Обнаружено 1 изменений, уведомления отправлены
2025-03-09 11:34:33 info: Обновлено количество палок для Вячеслав: 65
2025-03-09 11:34:34 error: Ошибка в получении статистики: bot.sendMessage is not a function
2025-03-09 11:34:34 error: Ошибка при обновлении палок: ETELEGRAM: 400 Bad Request: chat_id is empty
2025-03-09 11:34:38 info: Обнаружено 1 изменений, уведомления отправлены
2025-03-09 11:37:01 info: Обновлено количество палок для Вячеслав: 0
2025-03-09 11:37:01 error: Ошибка в получении статистики: bot.sendMessage is not a function
2025-03-09 11:37:01 error: Ошибка при обновлении палок: ETELEGRAM: 400 Bad Request: chat_id is empty
2025-03-09 11:37:08 info: Обнаружено 1 изменений, уведомления отправлены
2025-03-09 11:38:04 info: Обновлено количество палок для вячеслав: 65
2025-03-09 11:38:05 error: Ошибка в получении статистики: bot.sendMessage is not a function
2025-03-09 11:38:05 error: Ошибка при обновлении палок: ETELEGRAM: 400 Bad Request: chat_id is empty
2025-03-09 11:38:08 info: Обнаружено 1 изменений, уведомления отправлены
2025-03-09 11:40:26 info: Обновлено количество палок для вячеслав: 0
2025-03-09 11:40:26 error: Ошибка в получении статистики: bot.sendMessage is not a function
2025-03-09 11:40:26 error: Ошибка при обновлении палок: ETELEGRAM: 400 Bad Request: chat_id is empty
2025-03-09 11:40:38 info: Обнаружено 1 изменений, уведомления отправлены
2025-03-09 11:41:49 info: Получен сигнал остановки, завершаю работу...
2025-03-09 11:41:51 info: Загружено 1 подписчиков
2025-03-09 11:41:51 info: Google Sheets сервис инициализирован
2025-03-09 11:41:51 info: Мониторинг изменений запущен
2025-03-09 11:41:51 info: CommandHandlers инициализирован с ботом
2025-03-09 11:41:51 info: Бот успешно инициализирован и запущен
2025-03-09 11:42:02 info: Обновлено количество палок для вячеслав: 65
2025-03-09 11:42:07 info: Обнаружено 1 изменений, уведомления отправлены
2025-03-09 11:42:23 info: Обновлено количество палок для Вячеслав: 365
2025-03-09 11:42:37 info: Обнаружено 1 изменений, уведомления отправлены
2025-03-09 11:42:41 info: Обновлено количество палок для вячеслав: 0
2025-03-09 11:42:51 info: Обнаружено 1 изменений, уведомления отправлены
2025-03-09 20:38:50 error: Ошибка при подключении к Telegram API: EFATAL: Error: read ECONNRESET
2025-03-09 20:58:17 error: Ошибка при подключении к Telegram API: EFATAL: Error: read ECONNRESET
2025-03-09 20:59:33 error: Ошибка при подключении к Telegram API: EFATAL: Error: read ECONNRESET
2025-03-09 21:14:08 info: Обнаружено 2 изменений, уведомления отправлены
2025-03-09 22:03:22 info: Обнаружено 2 изменений, уведомления отправлены
2025-03-10 01:41:43 info: Получен сигнал остановки, завершаю работу...
2025-03-10 01:41:45 info: Загружено 1 подписчиков
2025-03-10 01:41:45 info: Google Sheets сервис инициализирован
2025-03-10 01:41:45 info: Мониторинг изменений запущен
2025-03-10 01:41:45 info: CommandHandlers инициализирован с ботом
2025-03-10 01:41:45 info: Бот успешно инициализирован и запущен
2025-03-10 01:44:56 info: Получен сигнал остановки, завершаю работу...
2025-03-10 01:46:48 info: Загружено 1 подписчиков
2025-03-10 01:46:48 info: Google Sheets сервис инициализирован
2025-03-10 01:46:48 info: Мониторинг изменений запущен
2025-03-10 01:46:48 info: CommandHandlers инициализирован с ботом
2025-03-10 01:46:48 info: Бот успешно инициализирован и запущен
2025-03-10 02:00:37 info: Получен сигнал остановки, завершаю работу...
